Berechnungszeit:    288.303713 s
Speicherbedarf:     155.940559 MiB
Berechnungsmethode: Gauß-Seidel
Interlines:         564
Stoerfunktion:      f(x,y) = 2pi^2*sin(pi*x)sin(pi*y)
Terminierung:       Anzahl der Iterationen
Anzahl Iterationen: 1000
Norm des Fehlers:   4.828507e-07

Matrix:
 0.0000 0.0000 0.0000 0.0000 0.0000 0.0000 0.0000 0.0000 0.0000
 0.0000 0.0001 0.0001 0.0002 0.0002 0.0002 0.0001 0.0001 0.0000
 0.0000 0.0001 0.0002 0.0003 0.0003 0.0003 0.0002 0.0001 0.0000
 0.0000 0.0002 0.0003 0.0004 0.0004 0.0004 0.0003 0.0002 0.0000
 0.0000 0.0002 0.0003 0.0004 0.0005 0.0004 0.0003 0.0002 0.0000
 0.0000 0.0002 0.0003 0.0004 0.0004 0.0004 0.0003 0.0002 0.0000
 0.0000 0.0001 0.0002 0.0003 0.0003 0.0003 0.0002 0.0001 0.0000
 0.0000 0.0001 0.0001 0.0002 0.0002 0.0002 0.0001 0.0001 0.0000
 0.0000 0.0000 0.0000 0.0000 0.0000 0.0000 0.0000 0.0000 0.0000
Berechnungszeit:    286.925619 s
Speicherbedarf:     155.940559 MiB
Berechnungsmethode: Gauß-Seidel
Interlines:         564
Stoerfunktion:      f(x,y) = 2pi^2*sin(pi*x)sin(pi*y)
Terminierung:       Anzahl der Iterationen
Anzahl Iterationen: 1000
Norm des Fehlers:   4.828507e-07

Matrix:
 0.0000 0.0000 0.0000 0.0000 0.0000 0.0000 0.0000 0.0000 0.0000
 0.0000 0.0001 0.0001 0.0002 0.0002 0.0002 0.0001 0.0001 0.0000
 0.0000 0.0001 0.0002 0.0003 0.0003 0.0003 0.0002 0.0001 0.0000
 0.0000 0.0002 0.0003 0.0004 0.0004 0.0004 0.0003 0.0002 0.0000
 0.0000 0.0002 0.0003 0.0004 0.0005 0.0004 0.0003 0.0002 0.0000
 0.0000 0.0002 0.0003 0.0004 0.0004 0.0004 0.0003 0.0002 0.0000
 0.0000 0.0001 0.0002 0.0003 0.0003 0.0003 0.0002 0.0001 0.0000
 0.0000 0.0001 0.0001 0.0002 0.0002 0.0002 0.0001 0.0001 0.0000
 0.0000 0.0000 0.0000 0.0000 0.0000 0.0000 0.0000 0.0000 0.0000
Berechnungszeit:    289.403660 s
Speicherbedarf:     155.940559 MiB
Berechnungsmethode: Gauß-Seidel
Interlines:         564
Stoerfunktion:      f(x,y) = 2pi^2*sin(pi*x)sin(pi*y)
Terminierung:       Anzahl der Iterationen
Anzahl Iterationen: 1000
Norm des Fehlers:   4.828507e-07

Matrix:
 0.0000 0.0000 0.0000 0.0000 0.0000 0.0000 0.0000 0.0000 0.0000
 0.0000 0.0001 0.0001 0.0002 0.0002 0.0002 0.0001 0.0001 0.0000
 0.0000 0.0001 0.0002 0.0003 0.0003 0.0003 0.0002 0.0001 0.0000
 0.0000 0.0002 0.0003 0.0004 0.0004 0.0004 0.0003 0.0002 0.0000
 0.0000 0.0002 0.0003 0.0004 0.0005 0.0004 0.0003 0.0002 0.0000
 0.0000 0.0002 0.0003 0.0004 0.0004 0.0004 0.0003 0.0002 0.0000
 0.0000 0.0001 0.0002 0.0003 0.0003 0.0003 0.0002 0.0001 0.0000
 0.0000 0.0001 0.0001 0.0002 0.0002 0.0002 0.0001 0.0001 0.0000
 0.0000 0.0000 0.0000 0.0000 0.0000 0.0000 0.0000 0.0000 0.0000