Berechnungszeit:    287.639384 s
Speicherbedarf:     78.565071 MiB
Berechnungsmethode: Gauß-Seidel
Interlines:         400
Stoerfunktion:      f(x,y) = 2pi^2*sin(pi*x)sin(pi*y)
Terminierung:       Anzahl der Iterationen
Anzahl Iterationen: 1000
Norm des Fehlers:   9.581082e-07

Matrix:
 0.0000 0.0000 0.0000 0.0000 0.0000 0.0000 0.0000 0.0000 0.0000
 0.0000 0.0001 0.0003 0.0003 0.0004 0.0003 0.0003 0.0001 0.0000
 0.0000 0.0003 0.0005 0.0006 0.0007 0.0006 0.0005 0.0003 0.0000
 0.0000 0.0003 0.0006 0.0008 0.0009 0.0008 0.0006 0.0003 0.0000
 0.0000 0.0004 0.0007 0.0009 0.0010 0.0009 0.0007 0.0004 0.0000
 0.0000 0.0003 0.0006 0.0008 0.0009 0.0008 0.0006 0.0003 0.0000
 0.0000 0.0003 0.0005 0.0006 0.0007 0.0006 0.0005 0.0003 0.0000
 0.0000 0.0001 0.0003 0.0003 0.0004 0.0003 0.0003 0.0001 0.0000
 0.0000 0.0000 0.0000 0.0000 0.0000 0.0000 0.0000 0.0000 0.0000
Berechnungszeit:    285.499819 s
Speicherbedarf:     78.565071 MiB
Berechnungsmethode: Gauß-Seidel
Interlines:         400
Stoerfunktion:      f(x,y) = 2pi^2*sin(pi*x)sin(pi*y)
Terminierung:       Anzahl der Iterationen
Anzahl Iterationen: 1000
Norm des Fehlers:   9.581082e-07

Matrix:
 0.0000 0.0000 0.0000 0.0000 0.0000 0.0000 0.0000 0.0000 0.0000
 0.0000 0.0001 0.0003 0.0003 0.0004 0.0003 0.0003 0.0001 0.0000
 0.0000 0.0003 0.0005 0.0006 0.0007 0.0006 0.0005 0.0003 0.0000
 0.0000 0.0003 0.0006 0.0008 0.0009 0.0008 0.0006 0.0003 0.0000
 0.0000 0.0004 0.0007 0.0009 0.0010 0.0009 0.0007 0.0004 0.0000
 0.0000 0.0003 0.0006 0.0008 0.0009 0.0008 0.0006 0.0003 0.0000
 0.0000 0.0003 0.0005 0.0006 0.0007 0.0006 0.0005 0.0003 0.0000
 0.0000 0.0001 0.0003 0.0003 0.0004 0.0003 0.0003 0.0001 0.0000
 0.0000 0.0000 0.0000 0.0000 0.0000 0.0000 0.0000 0.0000 0.0000
Berechnungszeit:    287.268144 s
Speicherbedarf:     78.565071 MiB
Berechnungsmethode: Gauß-Seidel
Interlines:         400
Stoerfunktion:      f(x,y) = 2pi^2*sin(pi*x)sin(pi*y)
Terminierung:       Anzahl der Iterationen
Anzahl Iterationen: 1000
Norm des Fehlers:   9.581082e-07

Matrix:
 0.0000 0.0000 0.0000 0.0000 0.0000 0.0000 0.0000 0.0000 0.0000
 0.0000 0.0001 0.0003 0.0003 0.0004 0.0003 0.0003 0.0001 0.0000
 0.0000 0.0003 0.0005 0.0006 0.0007 0.0006 0.0005 0.0003 0.0000
 0.0000 0.0003 0.0006 0.0008 0.0009 0.0008 0.0006 0.0003 0.0000
 0.0000 0.0004 0.0007 0.0009 0.0010 0.0009 0.0007 0.0004 0.0000
 0.0000 0.0003 0.0006 0.0008 0.0009 0.0008 0.0006 0.0003 0.0000
 0.0000 0.0003 0.0005 0.0006 0.0007 0.0006 0.0005 0.0003 0.0000
 0.0000 0.0001 0.0003 0.0003 0.0004 0.0003 0.0003 0.0001 0.0000
 0.0000 0.0000 0.0000 0.0000 0.0000 0.0000 0.0000 0.0000 0.0000